<?xml version="1.0" encoding="UTF-8"?>

<!--
	dd/mm/yyyy, dd-mm-yyyy,  dd.mm.yyyy formatinda regex kodu ^(?:(?:31(\/|-|\.)(?:0?[13578]|1[02]))\1|(?:(?:29|30)(\/|-|\.)(?:0?[1,3-9]|1[0-2])\2))(?:(?:1[6-9]|[2-9]\d)?\d{2})$|^(?:29(\/|-|\.)0?2\3(?:(?:(?:1[6-9]|[2-9]\d)?(?:0[48]|[2468][048]|[13579][26])|(?:(?:16|[2468][048]|[3579][26])00))))$|^(?:0?[1-9]|1\d|2[0-8])(\/|-|\.)(?:(?:0?[1-9])|(?:1[0-2]))\4(?:(?:1[6-9]|[2-9]\d)?\d{2})$
-->

<OperatorTest>
    <Operator id="1" name="Vodafone">
        <ServiceNo id="3" no="3520" timeOut="60">
            <Service id="1" name="İLMİHALİM" response="3520">
                <ServiceTest id="1" name="Abonelik" order="1" description="Başarılı yeni abonelik">
                    <Step id="1">
                        <Keywords>
                            <Keyword id="1">ABONE ILMIHALIM</Keyword>
                            <Keyword id="2">ABONE ILMIHAL</Keyword>
                            <Keyword id="3">ABONE FETVA</Keyword>
                        </Keywords>
                        <ReturnMessages>
                            <Message id="1">Ilmihalim servisi ile dini bilgileri cebinize alabilirsiniz. Abonelik ilk hafta UCRETSiZ, devaminda vergiler dahil ayda 9,6TLdir ve her ay  yenilenir. Aylik ucret haftalik 2,4TL olarak tahsil edilir. Iptal icin IPTAL ILMIHAL yazip 3520ye gonderin. Iptal talep edilen donem icin ucret iadesi yapilmaz. Aboneligi baslatmak icin EVET ILMIHAL yazip 3520ye gonderin. MH:2164740200 YBS AS.</Message>
                        </ReturnMessages>
                    </Step>
                    <Step id="2">
                        <Keywords>
                            <Keyword id="1">EVET TIKLE</Keyword>
                            <Keyword id="2">EVET TIKLEM</Keyword>
                        </Keywords>
                        <ReturnMessages>
                            <Message id="1">Hatali giris yaptiniz. Abone olmak icin ABONE bosluk SERVIS ADI, aboneliginizi iptal etmek icin IPTAL bosluk SERVIS ADI yazip 3520ye gonderin. (Orn: ABONE YASAM) MH:2164740200 YBS AS.</Message>
                        </ReturnMessages>
                    </Step>
                </ServiceTest>
            </Service>
        </ServiceNo>
        <!-- <ServiceNo id="1" no="3095">
            <Service id="1" name="NTV SPOR" response="3520">
                <ServiceTest id="1" name="Abonelik" order="1" description="Başarılı yeni abonelik">
                    <Step id="1">
                        <Keywords>
                            <Keyword id="1">ABONE NTVSPOR</Keyword>
                            <Keyword id="2">ABONE NTV SPOR</Keyword>
                            <Keyword id="3">ABONE SPOR</Keyword>
                        </Keywords>
                        <ReturnMessages>
                            <Message id="1">NTV Spor servisi ile spor haberlerini cebinize alabilirsiniz. Abonelik vergiler dahil ayda 8TLdir ve her ay  yenilenir. Aylik ucret haftalik 2TL olarak tahsil edilir. Iptal icin IPTAL SPOR yazip 3095e gonderin. Iptal talep edilen donem icin ucret iadesi yapilmaz. Aboneligi baslatmak icin EVET SPOR yazip 3095e gonderin. MH:2164740200 YBS AS.</Message>
                        </ReturnMessages>
                    </Step>
                    <Step id="2">
                        <Keywords>
                            <Keyword id="1">EVET SPOR</Keyword>
                        </Keywords>
                        <ReturnMessages>
                            <Message id="1">Spor haberlerinin cebinize gonderilecegi NTV Spor aboneliginiz basladi. Abonelik ucreti vergiler dahil ayda 12TLdir ve her ay  yenilenir. Aylik ucret haftalik 3TL olarak tahsil edilir. Iptal icin IPTAL SPOR yazip 3095e gonderin. Iptal talep edilen donem icin ucret iadesi yapilmaz. MH:2164740200 YBS AS.</Message>
                        </ReturnMessages>
                    </Step>
                </ServiceTest>
            </Service>
        </ServiceNo> -->
    </Operator>
</OperatorTest>